1601392689236	geckodriver	INFO	Listening on 127.0.0.1:56246
1601392841361	geckodriver	INFO	Listening on 127.0.0.1:56279
1601392991266	geckodriver	INFO	Listening on 127.0.0.1:56347
1601392992283	mozrunner::runner	INFO	Running command: "/Applications/Firefox.app/Contents/MacOS/firefox-bin" "--marionette" "-foreground" "-no-remote" "-profile" "/var/folders/2c/9kmqb7_57v9f0sqjsv755xjc0000gn/T/rust_mozprofileZ39AvZ"
console.error: SearchCache: "_readCacheFile: Error reading cache file:" (new Error("", "(unknown module)"))
1601392997760	Marionette	INFO	Listening on port 56358
1601392997876	Marionette	WARN	TLS certificate errors will be ignored for this session
1601393006429	Marionette	INFO	Stopped listening on port 56358
1601393050201	geckodriver	INFO	Listening on 127.0.0.1:56479
1601393051218	mozrunner::runner	INFO	Running command: "/Applications/Firefox.app/Contents/MacOS/firefox-bin" "--marionette" "-foreground" "-no-remote" "-profile" "/var/folders/2c/9kmqb7_57v9f0sqjsv755xjc0000gn/T/rust_mozprofileA1fK6e"
console.error: SearchCache: "_readCacheFile: Error reading cache file:" (new Error("", "(unknown module)"))
1601393053989	Marionette	INFO	Listening on port 56490
1601393054025	Marionette	WARN	TLS certificate errors will be ignored for this session
1601393110600	geckodriver	INFO	Listening on 127.0.0.1:56583
1601393111616	mozrunner::runner	INFO	Running command: "/Applications/Firefox.app/Contents/MacOS/firefox-bin" "--marionette" "-foreground" "-no-remote" "-profile" "/var/folders/2c/9kmqb7_57v9f0sqjsv755xjc0000gn/T/rust_mozprofilepzBVyp"
console.error: SearchCache: "_readCacheFile: Error reading cache file:" (new Error("", "(unknown module)"))
1601393114676	Marionette	INFO	Listening on port 56594
1601393114831	Marionette	WARN	TLS certificate errors will be ignored for this session
1601393151227	geckodriver	INFO	Listening on 127.0.0.1:56691
1601393152244	mozrunner::runner	INFO	Running command: "/Applications/Firefox.app/Contents/MacOS/firefox-bin" "--marionette" "-foreground" "-no-remote" "-profile" "/var/folders/2c/9kmqb7_57v9f0sqjsv755xjc0000gn/T/rust_mozprofileIyg3Ag"
console.error: SearchCache: "_readCacheFile: Error reading cache file:" (new Error("", "(unknown module)"))
1601393155903	Marionette	INFO	Listening on port 56702
1601393155940	Marionette	WARN	TLS certificate errors will be ignored for this session
JavaScript error: resource://gre/actors/ControllersChild.jsm, line 30: NS_ERROR_FAILURE: Component returned failure code: 0x80004005 (NS_ERROR_FAILURE) [nsIDocShell.doCommandWithParams]
1601393168369	Marionette	INFO	Stopped listening on port 56702
1601393171462	Marionette	INFO	Stopped listening on port 56594
1601393174499	Marionette	INFO	Stopped listening on port 56490
1601393192886	geckodriver	INFO	Listening on 127.0.0.1:56801
1601393192896	mozrunner::runner	INFO	Running command: "/Applications/Firefox.app/Contents/MacOS/firefox-bin" "--marionette" "-foreground" "-no-remote" "-profile" "/var/folders/2c/9kmqb7_57v9f0sqjsv755xjc0000gn/T/rust_mozprofileLtjWbU"
console.error: SearchCache: "_readCacheFile: Error reading cache file:" (new Error("", "(unknown module)"))
1601393196012	Marionette	INFO	Listening on port 56810
1601393196122	Marionette	WARN	TLS certificate errors will be ignored for this session
1601393223522	Marionette	INFO	Stopped listening on port 56810
1601393225105	geckodriver	INFO	Listening on 127.0.0.1:56897
1601393226121	mozrunner::runner	INFO	Running command: "/Applications/Firefox.app/Contents/MacOS/firefox-bin" "--marionette" "-foreground" "-no-remote" "-profile" "/var/folders/2c/9kmqb7_57v9f0sqjsv755xjc0000gn/T/rust_mozprofile1nQnU6"
console.error: SearchCache: "_readCacheFile: Error reading cache file:" (new Error("", "(unknown module)"))
1601393228906	Marionette	INFO	Listening on port 56909
1601393228926	Marionette	WARN	TLS certificate errors will be ignored for this session
1601393290000	geckodriver	INFO	Listening on 127.0.0.1:56999
1601393291017	mozrunner::runner	INFO	Running command: "/Applications/Firefox.app/Contents/MacOS/firefox-bin" "--marionette" "-foreground" "-no-remote" "-profile" "/var/folders/2c/9kmqb7_57v9f0sqjsv755xjc0000gn/T/rust_mozprofileWaTdeT"
console.error: SearchCache: "_readCacheFile: Error reading cache file:" (new Error("", "(unknown module)"))
1601393294010	Marionette	INFO	Listening on port 57010
1601393294122	Marionette	WARN	TLS certificate errors will be ignored for this session
1601393331051	geckodriver	INFO	Listening on 127.0.0.1:57105
1601393332065	mozrunner::runner	INFO	Running command: "/Applications/Firefox.app/Contents/MacOS/firefox-bin" "--marionette" "-foreground" "-no-remote" "-profile" "/var/folders/2c/9kmqb7_57v9f0sqjsv755xjc0000gn/T/rust_mozprofilecFATTX"
console.error: SearchCache: "_readCacheFile: Error reading cache file:" (new Error("", "(unknown module)"))
1601393335359	Marionette	INFO	Listening on port 57116
1601393335379	Marionette	WARN	TLS certificate errors will be ignored for this session
1601393345783	Marionette	INFO	Stopped listening on port 57116
1601393350132	Marionette	INFO	Stopped listening on port 57010
1601393352354	Marionette	INFO	Stopped listening on port 56909
1601393376776	geckodriver	INFO	Listening on 127.0.0.1:57211
1601393376787	mozrunner::runner	INFO	Running command: "/Applications/Firefox.app/Contents/MacOS/firefox-bin" "--marionette" "-foreground" "-no-remote" "-profile" "/var/folders/2c/9kmqb7_57v9f0sqjsv755xjc0000gn/T/rust_mozprofilenGEwLJ"
console.error: SearchCache: "_readCacheFile: Error reading cache file:" (new Error("", "(unknown module)"))
1601393379761	Marionette	INFO	Listening on port 57220
1601393379800	Marionette	WARN	TLS certificate errors will be ignored for this session
1601393392562	Marionette	INFO	Stopped listening on port 57220
1601393406459	geckodriver	INFO	Listening on 127.0.0.1:57314
1601393407472	mozrunner::runner	INFO	Running command: "/Applications/Firefox.app/Contents/MacOS/firefox-bin" "--marionette" "-foreground" "-no-remote" "-profile" "/var/folders/2c/9kmqb7_57v9f0sqjsv755xjc0000gn/T/rust_mozprofileFDIINK"
console.error: SearchCache: "_readCacheFile: Error reading cache file:" (new Error("", "(unknown module)"))
1601393410412	Marionette	INFO	Listening on port 57325
1601393410564	Marionette	WARN	TLS certificate errors will be ignored for this session
1601393423508	Marionette	INFO	Stopped listening on port 57325
1601393435033	geckodriver	INFO	Listening on 127.0.0.1:57417
1601393436050	mozrunner::runner	INFO	Running command: "/Applications/Firefox.app/Contents/MacOS/firefox-bin" "--marionette" "-foreground" "-no-remote" "-profile" "/var/folders/2c/9kmqb7_57v9f0sqjsv755xjc0000gn/T/rust_mozprofileKKmHCA"
console.error: SearchCache: "_readCacheFile: Error reading cache file:" (new Error("", "(unknown module)"))
1601393438754	Marionette	INFO	Listening on port 57428
1601393438828	Marionette	WARN	TLS certificate errors will be ignored for this session
1601393448347	Marionette	INFO	Stopped listening on port 57428
1601393469255	geckodriver	INFO	Listening on 127.0.0.1:57516
1601393469266	mozrunner::runner	INFO	Running command: "/Applications/Firefox.app/Contents/MacOS/firefox-bin" "--marionette" "-foreground" "-no-remote" "-profile" "/var/folders/2c/9kmqb7_57v9f0sqjsv755xjc0000gn/T/rust_mozprofile7T9Hr0"
console.error: SearchCache: "_readCacheFile: Error reading cache file:" (new Error("", "(unknown module)"))
1601393472090	Marionette	INFO	Listening on port 57525
1601393472144	Marionette	WARN	TLS certificate errors will be ignored for this session
1601393485174	Marionette	INFO	Stopped listening on port 57525
1601393493458	geckodriver	INFO	Listening on 127.0.0.1:57612
1601393494470	mozrunner::runner	INFO	Running command: "/Applications/Firefox.app/Contents/MacOS/firefox-bin" "--marionette" "-foreground" "-no-remote" "-profile" "/var/folders/2c/9kmqb7_57v9f0sqjsv755xjc0000gn/T/rust_mozprofile7Y2sPs"
console.error: SearchCache: "_readCacheFile: Error reading cache file:" (new Error("", "(unknown module)"))
1601393497220	Marionette	INFO	Listening on port 57623
1601393497277	Marionette	WARN	TLS certificate errors will be ignored for this session
1601393506698	Marionette	INFO	Stopped listening on port 57623
